# JRE version: Java(TM) SE Runtime Environment (8.0_181-b13) (build 1.8.0_181-b13)
# Java VM: Java HotSpot(TM) Client VM (25.181-b13 mixed mode windows-x86 )
Heap:
 def new generation   total 4928K, used 3462K [0x04600000, 0x04b50000, 0x09b50000)
  eden space 4416K,  77% used [0x04600000, 0x04956350, 0x04a50000)
  from space 512K,   8% used [0x04a50000, 0x04a5b738, 0x04ad0000)
  to   space 512K,   0% used [0x04ad0000, 0x04ad0000, 0x04b50000)
 tenured generation   total 10944K, used 2149K [0x09b50000, 0x0a600000, 0x14600000)
   the space 10944K,  19% used [0x09b50000, 0x09d69668, 0x09d69800, 0x0a600000)
 Metaspace       used 4107K, capacity 4161K, committed 4288K, reserved 4480K
GC Heap History (10 events):
Event: 0.970 GC heap before
{Heap before GC invocations=1 (full 0):
 def new generation   total 4928K, used 4823K [0x04600000, 0x04b50000, 0x09b50000)
  eden space 4416K,  97% used [0x04600000, 0x04a35e98, 0x04a50000)
  from space 512K, 100% used [0x04ad0000, 0x04b50000, 0x04b50000)
  to   space 512K,   0% used [0x04a50000, 0x04a50000, 0x04ad0000)
 tenured generation   total 10944K, used 755K [0x09b50000, 0x0a600000, 0x14600000)
   the space 10944K,   6% used [0x09b50000, 0x09c0cd78, 0x09c0ce00, 0x0a600000)
 Metaspace       used 4088K, capacity 4129K, committed 4160K, reserved 4480K
Event: 0.973 GC heap after
Heap after GC invocations=2 (full 0):
 def new generation   total 4928K, used 512K [0x04600000, 0x04b50000, 0x09b50000)
  eden space 4416K,   0% used [0x04600000, 0x04600000, 0x04a50000)
  from space 512K, 100% used [0x04a50000, 0x04ad0000, 0x04ad0000)
  to   space 512K,   0% used [0x04ad0000, 0x04ad0000, 0x04b50000)
 tenured generation   total 10944K, used 1792K [0x09b50000, 0x0a600000, 0x14600000)
   the space 10944K,  16% used [0x09b50000, 0x09d103d8, 0x09d10400, 0x0a600000)
 Metaspace       used 4088K, capacity 4129K, committed 4160K, reserved 4480K
}
Event: 1.982 GC heap before
{Heap before GC invocations=2 (full 0):
 def new generation   total 4928K, used 4928K [0x04600000, 0x04b50000, 0x09b50000)
  eden space 4416K, 100% used [0x04600000, 0x04a50000, 0x04a50000)
  from space 512K, 100% used [0x04a50000, 0x04ad0000, 0x04ad0000)
  to   space 512K,   0% used [0x04ad0000, 0x04ad0000, 0x04b50000)
 tenured generation   total 10944K, used 1792K [0x09b50000, 0x0a600000, 0x14600000)
   the space 10944K,  16% used [0x09b50000, 0x09d103d8, 0x09d10400, 0x0a600000)
 Metaspace       used 4095K, capacity 4129K, committed 4160K, reserved 4480K
Event: 1.983 GC heap after
Heap after GC invocations=3 (full 0):
 def new generation   total 4928K, used 30K [0x04600000, 0x04b50000, 0x09b50000)
  eden space 4416K,   0% used [0x04600000, 0x04600000, 0x04a50000)
  from space 512K,   5% used [0x04ad0000, 0x04ad7930, 0x04b50000)
  to   space 512K,   0% used [0x04a50000, 0x04a50000, 0x04ad0000)
 tenured generation   total 10944K, used 2149K [0x09b50000, 0x0a600000, 0x14600000)
   the space 10944K,  19% used [0x09b50000, 0x09d69668, 0x09d69800, 0x0a600000)
 Metaspace       used 4095K, capacity 4129K, committed 4160K, reserved 4480K
}
Event: 2.977 GC heap before
{Heap before GC invocations=3 (full 0):
 def new generation   total 4928K, used 4270K [0x04600000, 0x04b50000, 0x09b50000)
  eden space 4416K,  96% used [0x04600000, 0x04a24270, 0x04a50000)
  from space 512K,   5% used [0x04ad0000, 0x04ad7930, 0x04b50000)
  to   space 512K,   0% used [0x04a50000, 0x04a50000, 0x04ad0000)
 tenured generation   total 10944K, used 2149K [0x09b50000, 0x0a600000, 0x14600000)
   the space 10944K,  19% used [0x09b50000, 0x09d69668, 0x09d69800, 0x0a600000)
 Metaspace       used 4099K, capacity 4161K, committed 4288K, reserved 4480K
Event: 2.978 GC heap after
Heap after GC invocations=4 (full 0):
 def new generation   total 4928K, used 32K [0x04600000, 0x04b50000, 0x09b50000)
  eden space 4416K,   0% used [0x04600000, 0x04600000, 0x04a50000)
  from space 512K,   6% used [0x04a50000, 0x04a58190, 0x04ad0000)
  to   space 512K,   0% used [0x04ad0000, 0x04ad0000, 0x04b50000)
 tenured generation   total 10944K, used 2149K [0x09b50000, 0x0a600000, 0x14600000)
   the space 10944K,  19% used [0x09b50000, 0x09d69668, 0x09d69800, 0x0a600000)
 Metaspace       used 4099K, capacity 4161K, committed 4288K, reserved 4480K
}
Event: 3.974 GC heap before
{Heap before GC invocations=4 (full 0):
 def new generation   total 4928K, used 4448K [0x04600000, 0x04b50000, 0x09b50000)
  eden space 4416K, 100% used [0x04600000, 0x04a50000, 0x04a50000)
  from space 512K,   6% used [0x04a50000, 0x04a58190, 0x04ad0000)
  to   space 512K,   0% used [0x04ad0000, 0x04ad0000, 0x04b50000)
 tenured generation   total 10944K, used 2149K [0x09b50000, 0x0a600000, 0x14600000)
   the space 10944K,  19% used [0x09b50000, 0x09d69668, 0x09d69800, 0x0a600000)
 Metaspace       used 4099K, capacity 4161K, committed 4288K, reserved 4480K
Event: 3.974 GC heap after
Heap after GC invocations=5 (full 0):
 def new generation   total 4928K, used 37K [0x04600000, 0x04b50000, 0x09b50000)
  eden space 4416K,   0% used [0x04600000, 0x04600000, 0x04a50000)
  from space 512K,   7% used [0x04ad0000, 0x04ad9410, 0x04b50000)
  to   space 512K,   0% used [0x04a50000, 0x04a50000, 0x04ad0000)
 tenured generation   total 10944K, used 2149K [0x09b50000, 0x0a600000, 0x14600000)
   the space 10944K,  19% used [0x09b50000, 0x09d69668, 0x09d69800, 0x0a600000)
 Metaspace       used 4099K, capacity 4161K, committed 4288K, reserved 4480K
}
Event: 4.908 GC heap before
{Heap before GC invocations=5 (full 0):
 def new generation   total 4928K, used 4269K [0x04600000, 0x04b50000, 0x09b50000)
  eden space 4416K,  95% used [0x04600000, 0x04a22090, 0x04a50000)
  from space 512K,   7% used [0x04ad0000, 0x04ad9410, 0x04b50000)
  to   space 512K,   0% used [0x04a50000, 0x04a50000, 0x04ad0000)
 tenured generation   total 10944K, used 2149K [0x09b50000, 0x0a600000, 0x14600000)
   the space 10944K,  19% used [0x09b50000, 0x09d69668, 0x09d69800, 0x0a600000)
 Metaspace       used 4099K, capacity 4161K, committed 4288K, reserved 4480K
Event: 4.909 GC heap after
Heap after GC invocations=6 (full 0):
 def new generation   total 4928K, used 45K [0x04600000, 0x04b50000, 0x09b50000)
  eden space 4416K,   0% used [0x04600000, 0x04600000, 0x04a50000)
  from space 512K,   8% used [0x04a50000, 0x04a5b738, 0x04ad0000)
  to   space 512K,   0% used [0x04ad0000, 0x04ad0000, 0x04b50000)
 tenured generation   total 10944K, used 2149K [0x09b50000, 0x0a600000, 0x14600000)
   the space 10944K,  19% used [0x09b50000, 0x09d69668, 0x09d69800, 0x0a600000)
 Metaspace       used 4099K, capacity 4161K, committed 4288K, reserved 4480K
}

