# JRE version: Java(TM) SE Runtime Environment (8.0_181-b13) (build 1.8.0_181-b13)
# Java VM: Java HotSpot(TM) Client VM (25.181-b13 mixed mode windows-x86 )
Heap:
 def new generation   total 4928K, used 767K [0x04c00000, 0x05150000, 0x0a150000)
  eden space 4416K,  15% used [0x04c00000, 0x04caa8a8, 0x05050000)
  from space 512K,  16% used [0x05050000, 0x050655c8, 0x050d0000)
  to   space 512K,   0% used [0x050d0000, 0x050d0000, 0x05150000)
 tenured generation   total 10944K, used 2149K [0x0a150000, 0x0ac00000, 0x14c00000)
   the space 10944K,  19% used [0x0a150000, 0x0a369608, 0x0a369800, 0x0ac00000)
 Metaspace       used 4103K, capacity 4161K, committed 4288K, reserved 4480K
GC Heap History (10 events):
Event: 5.203 GC heap before
{Heap before GC invocations=5 (full 0):
 def new generation   total 4928K, used 4425K [0x04c00000, 0x05150000, 0x0a150000)
  eden space 4416K,  99% used [0x04c00000, 0x050466f0, 0x05050000)
  from space 512K,   9% used [0x050d0000, 0x050dc0c8, 0x05150000)
  to   space 512K,   0% used [0x05050000, 0x05050000, 0x050d0000)
 tenured generation   total 10944K, used 2149K [0x0a150000, 0x0ac00000, 0x14c00000)
   the space 10944K,  19% used [0x0a150000, 0x0a369608, 0x0a369800, 0x0ac00000)
 Metaspace       used 4103K, capacity 4161K, committed 4288K, reserved 4480K
Event: 5.204 GC heap after
Heap after GC invocations=6 (full 0):
 def new generation   total 4928K, used 47K [0x04c00000, 0x05150000, 0x0a150000)
  eden space 4416K,   0% used [0x04c00000, 0x04c00000, 0x05050000)
  from space 512K,   9% used [0x05050000, 0x0505bc70, 0x050d0000)
  to   space 512K,   0% used [0x050d0000, 0x050d0000, 0x05150000)
 tenured generation   total 10944K, used 2149K [0x0a150000, 0x0ac00000, 0x14c00000)
   the space 10944K,  19% used [0x0a150000, 0x0a369608, 0x0a369800, 0x0ac00000)
 Metaspace       used 4103K, capacity 4161K, committed 4288K, reserved 4480K
}
Event: 6.177 GC heap before
{Heap before GC invocations=6 (full 0):
 def new generation   total 4928K, used 4463K [0x04c00000, 0x05150000, 0x0a150000)
  eden space 4416K, 100% used [0x04c00000, 0x05050000, 0x05050000)
  from space 512K,   9% used [0x05050000, 0x0505bc70, 0x050d0000)
  to   space 512K,   0% used [0x050d0000, 0x050d0000, 0x05150000)
 tenured generation   total 10944K, used 2149K [0x0a150000, 0x0ac00000, 0x14c00000)
   the space 10944K,  19% used [0x0a150000, 0x0a369608, 0x0a369800, 0x0ac00000)
 Metaspace       used 4103K, capacity 4161K, committed 4288K, reserved 4480K
Event: 6.177 GC heap after
Heap after GC invocations=7 (full 0):
 def new generation   total 4928K, used 56K [0x04c00000, 0x05150000, 0x0a150000)
  eden space 4416K,   0% used [0x04c00000, 0x04c00000, 0x05050000)
  from space 512K,  10% used [0x050d0000, 0x050de0b0, 0x05150000)
  to   space 512K,   0% used [0x05050000, 0x05050000, 0x050d0000)
 tenured generation   total 10944K, used 2149K [0x0a150000, 0x0ac00000, 0x14c00000)
   the space 10944K,  19% used [0x0a150000, 0x0a369608, 0x0a369800, 0x0ac00000)
 Metaspace       used 4103K, capacity 4161K, committed 4288K, reserved 4480K
}
Event: 7.170 GC heap before
{Heap before GC invocations=7 (full 0):
 def new generation   total 4928K, used 4472K [0x04c00000, 0x05150000, 0x0a150000)
  eden space 4416K, 100% used [0x04c00000, 0x05050000, 0x05050000)
  from space 512K,  10% used [0x050d0000, 0x050de0b0, 0x05150000)
  to   space 512K,   0% used [0x05050000, 0x05050000, 0x050d0000)
 tenured generation   total 10944K, used 2149K [0x0a150000, 0x0ac00000, 0x14c00000)
   the space 10944K,  19% used [0x0a150000, 0x0a369608, 0x0a369800, 0x0ac00000)
 Metaspace       used 4103K, capacity 4161K, committed 4288K, reserved 4480K
Event: 7.171 GC heap after
Heap after GC invocations=8 (full 0):
 def new generation   total 4928K, used 66K [0x04c00000, 0x05150000, 0x0a150000)
  eden space 4416K,   0% used [0x04c00000, 0x04c00000, 0x05050000)
  from space 512K,  13% used [0x05050000, 0x05060ad8, 0x050d0000)
  to   space 512K,   0% used [0x050d0000, 0x050d0000, 0x05150000)
 tenured generation   total 10944K, used 2149K [0x0a150000, 0x0ac00000, 0x14c00000)
   the space 10944K,  19% used [0x0a150000, 0x0a369608, 0x0a369800, 0x0ac00000)
 Metaspace       used 4103K, capacity 4161K, committed 4288K, reserved 4480K
}
Event: 8.190 GC heap before
{Heap before GC invocations=8 (full 0):
 def new generation   total 4928K, used 4377K [0x04c00000, 0x05150000, 0x0a150000)
  eden space 4416K,  97% used [0x04c00000, 0x05035940, 0x05050000)
  from space 512K,  13% used [0x05050000, 0x05060ad8, 0x050d0000)
  to   space 512K,   0% used [0x050d0000, 0x050d0000, 0x05150000)
 tenured generation   total 10944K, used 2149K [0x0a150000, 0x0ac00000, 0x14c00000)
   the space 10944K,  19% used [0x0a150000, 0x0a369608, 0x0a369800, 0x0ac00000)
 Metaspace       used 4103K, capacity 4161K, committed 4288K, reserved 4480K
Event: 8.191 GC heap after
Heap after GC invocations=9 (full 0):
 def new generation   total 4928K, used 76K [0x04c00000, 0x05150000, 0x0a150000)
  eden space 4416K,   0% used [0x04c00000, 0x04c00000, 0x05050000)
  from space 512K,  14% used [0x050d0000, 0x050e3050, 0x05150000)
  to   space 512K,   0% used [0x05050000, 0x05050000, 0x050d0000)
 tenured generation   total 10944K, used 2149K [0x0a150000, 0x0ac00000, 0x14c00000)
   the space 10944K,  19% used [0x0a150000, 0x0a369608, 0x0a369800, 0x0ac00000)
 Metaspace       used 4103K, capacity 4161K, committed 4288K, reserved 4480K
}
Event: 9.235 GC heap before
{Heap before GC invocations=9 (full 0):
 def new generation   total 4928K, used 4492K [0x04c00000, 0x05150000, 0x0a150000)
  eden space 4416K, 100% used [0x04c00000, 0x05050000, 0x05050000)
  from space 512K,  14% used [0x050d0000, 0x050e3050, 0x05150000)
  to   space 512K,   0% used [0x05050000, 0x05050000, 0x050d0000)
 tenured generation   total 10944K, used 2149K [0x0a150000, 0x0ac00000, 0x14c00000)
   the space 10944K,  19% used [0x0a150000, 0x0a369608, 0x0a369800, 0x0ac00000)
 Metaspace       used 4103K, capacity 4161K, committed 4288K, reserved 4480K
Event: 9.235 GC heap after
Heap after GC invocations=10 (full 0):
 def new generation   total 4928K, used 85K [0x04c00000, 0x05150000, 0x0a150000)
  eden space 4416K,   0% used [0x04c00000, 0x04c00000, 0x05050000)
  from space 512K,  16% used [0x05050000, 0x050655c8, 0x050d0000)
  to   space 512K,   0% used [0x050d0000, 0x050d0000, 0x05150000)
 tenured generation   total 10944K, used 2149K [0x0a150000, 0x0ac00000, 0x14c00000)
   the space 10944K,  19% used [0x0a150000, 0x0a369608, 0x0a369800, 0x0ac00000)
 Metaspace       used 4103K, capacity 4161K, committed 4288K, reserved 4480K
}

