# JRE version: Java(TM) SE Runtime Environment (8.0_181-b13) (build 1.8.0_181-b13)
# Java VM: Java HotSpot(TM) Client VM (25.181-b13 mixed mode windows-x86 )
Heap:
 def new generation   total 4928K, used 4062K [0x04a00000, 0x04f50000, 0x09f50000)
  eden space 4416K,  88% used [0x04a00000, 0x04dd08c8, 0x04e50000)
  from space 512K,  30% used [0x04e50000, 0x04e77150, 0x04ed0000)
  to   space 512K,   0% used [0x04ed0000, 0x04ed0000, 0x04f50000)
 tenured generation   total 10944K, used 2311K [0x09f50000, 0x0aa00000, 0x14a00000)
   the space 10944K,  21% used [0x09f50000, 0x0a191d28, 0x0a191e00, 0x0aa00000)
 Metaspace       used 4104K, capacity 4161K, committed 4288K, reserved 4480K
GC Heap History (10 events):
Event: 42.944 GC heap before
{Heap before GC invocations=29 (full 0):
 def new generation   total 4928K, used 4567K [0x04a00000, 0x04f50000, 0x09f50000)
  eden space 4416K, 100% used [0x04a00000, 0x04e50000, 0x04e50000)
  from space 512K,  29% used [0x04ed0000, 0x04ef5e10, 0x04f50000)
  to   space 512K,   0% used [0x04e50000, 0x04e50000, 0x04ed0000)
 tenured generation   total 10944K, used 2264K [0x09f50000, 0x0aa00000, 0x14a00000)
   the space 10944K,  20% used [0x09f50000, 0x0a1862d0, 0x0a186400, 0x0aa00000)
 Metaspace       used 4103K, capacity 4161K, committed 4288K, reserved 4480K
Event: 42.945 GC heap after
Heap after GC invocations=30 (full 0):
 def new generation   total 4928K, used 155K [0x04a00000, 0x04f50000, 0x09f50000)
  eden space 4416K,   0% used [0x04a00000, 0x04a00000, 0x04e50000)
  from space 512K,  30% used [0x04e50000, 0x04e76e48, 0x04ed0000)
  to   space 512K,   0% used [0x04ed0000, 0x04ed0000, 0x04f50000)
 tenured generation   total 10944K, used 2274K [0x09f50000, 0x0aa00000, 0x14a00000)
   the space 10944K,  20% used [0x09f50000, 0x0a188848, 0x0a188a00, 0x0aa00000)
 Metaspace       used 4103K, capacity 4161K, committed 4288K, reserved 4480K
}
Event: 44.860 GC heap before
{Heap before GC invocations=30 (full 0):
 def new generation   total 4928K, used 4526K [0x04a00000, 0x04f50000, 0x09f50000)
  eden space 4416K,  98% used [0x04a00000, 0x04e44bc8, 0x04e50000)
  from space 512K,  30% used [0x04e50000, 0x04e76e48, 0x04ed0000)
  to   space 512K,   0% used [0x04ed0000, 0x04ed0000, 0x04f50000)
 tenured generation   total 10944K, used 2274K [0x09f50000, 0x0aa00000, 0x14a00000)
   the space 10944K,  20% used [0x09f50000, 0x0a188848, 0x0a188a00, 0x0aa00000)
 Metaspace       used 4103K, capacity 4161K, committed 4288K, reserved 4480K
Event: 44.862 GC heap after
Heap after GC invocations=31 (full 0):
 def new generation   total 4928K, used 155K [0x04a00000, 0x04f50000, 0x09f50000)
  eden space 4416K,   0% used [0x04a00000, 0x04a00000, 0x04e50000)
  from space 512K,  30% used [0x04ed0000, 0x04ef6e08, 0x04f50000)
  to   space 512K,   0% used [0x04e50000, 0x04e50000, 0x04ed0000)
 tenured generation   total 10944K, used 2283K [0x09f50000, 0x0aa00000, 0x14a00000)
   the space 10944K,  20% used [0x09f50000, 0x0a18acf0, 0x0a18ae00, 0x0aa00000)
 Metaspace       used 4103K, capacity 4161K, committed 4288K, reserved 4480K
}
Event: 50.749 GC heap before
{Heap before GC invocations=31 (full 0):
 def new generation   total 4928K, used 4466K [0x04a00000, 0x04f50000, 0x09f50000)
  eden space 4416K,  97% used [0x04a00000, 0x04e35a08, 0x04e50000)
  from space 512K,  30% used [0x04ed0000, 0x04ef6e08, 0x04f50000)
  to   space 512K,   0% used [0x04e50000, 0x04e50000, 0x04ed0000)
 tenured generation   total 10944K, used 2283K [0x09f50000, 0x0aa00000, 0x14a00000)
   the space 10944K,  20% used [0x09f50000, 0x0a18acf0, 0x0a18ae00, 0x0aa00000)
 Metaspace       used 4103K, capacity 4161K, committed 4288K, reserved 4480K
Event: 50.751 GC heap after
Heap after GC invocations=32 (full 0):
 def new generation   total 4928K, used 156K [0x04a00000, 0x04f50000, 0x09f50000)
  eden space 4416K,   0% used [0x04a00000, 0x04a00000, 0x04e50000)
  from space 512K,  30% used [0x04e50000, 0x04e77190, 0x04ed0000)
  to   space 512K,   0% used [0x04ed0000, 0x04ed0000, 0x04f50000)
 tenured generation   total 10944K, used 2292K [0x09f50000, 0x0aa00000, 0x14a00000)
   the space 10944K,  20% used [0x09f50000, 0x0a18d308, 0x0a18d400, 0x0aa00000)
 Metaspace       used 4103K, capacity 4161K, committed 4288K, reserved 4480K
}
Event: 53.194 GC heap before
{Heap before GC invocations=32 (full 0):
 def new generation   total 4928K, used 4572K [0x04a00000, 0x04f50000, 0x09f50000)
  eden space 4416K, 100% used [0x04a00000, 0x04e50000, 0x04e50000)
  from space 512K,  30% used [0x04e50000, 0x04e77190, 0x04ed0000)
  to   space 512K,   0% used [0x04ed0000, 0x04ed0000, 0x04f50000)
 tenured generation   total 10944K, used 2292K [0x09f50000, 0x0aa00000, 0x14a00000)
   the space 10944K,  20% used [0x09f50000, 0x0a18d308, 0x0a18d400, 0x0aa00000)
 Metaspace       used 4103K, capacity 4161K, committed 4288K, reserved 4480K
Event: 53.196 GC heap after
Heap after GC invocations=33 (full 0):
 def new generation   total 4928K, used 156K [0x04a00000, 0x04f50000, 0x09f50000)
  eden space 4416K,   0% used [0x04a00000, 0x04a00000, 0x04e50000)
  from space 512K,  30% used [0x04ed0000, 0x04ef7190, 0x04f50000)
  to   space 512K,   0% used [0x04e50000, 0x04e50000, 0x04ed0000)
 tenured generation   total 10944K, used 2302K [0x09f50000, 0x0aa00000, 0x14a00000)
   the space 10944K,  21% used [0x09f50000, 0x0a18f880, 0x0a18fa00, 0x0aa00000)
 Metaspace       used 4103K, capacity 4161K, committed 4288K, reserved 4480K
}
Event: 55.513 GC heap before
{Heap before GC invocations=33 (full 0):
 def new generation   total 4928K, used 4523K [0x04a00000, 0x04f50000, 0x09f50000)
  eden space 4416K,  98% used [0x04a00000, 0x04e43d48, 0x04e50000)
  from space 512K,  30% used [0x04ed0000, 0x04ef7190, 0x04f50000)
  to   space 512K,   0% used [0x04e50000, 0x04e50000, 0x04ed0000)
 tenured generation   total 10944K, used 2302K [0x09f50000, 0x0aa00000, 0x14a00000)
   the space 10944K,  21% used [0x09f50000, 0x0a18f880, 0x0a18fa00, 0x0aa00000)
 Metaspace       used 4103K, capacity 4161K, committed 4288K, reserved 4480K
Event: 55.515 GC heap after
Heap after GC invocations=34 (full 0):
 def new generation   total 4928K, used 156K [0x04a00000, 0x04f50000, 0x09f50000)
  eden space 4416K,   0% used [0x04a00000, 0x04a00000, 0x04e50000)
  from space 512K,  30% used [0x04e50000, 0x04e77150, 0x04ed0000)
  to   space 512K,   0% used [0x04ed0000, 0x04ed0000, 0x04f50000)
 tenured generation   total 10944K, used 2311K [0x09f50000, 0x0aa00000, 0x14a00000)
   the space 10944K,  21% used [0x09f50000, 0x0a191d28, 0x0a191e00, 0x0aa00000)
 Metaspace       used 4103K, capacity 4161K, committed 4288K, reserved 4480K
}

