# JRE version: Java(TM) SE Runtime Environment (8.0_181-b13) (build 1.8.0_181-b13)
# Java VM: Java HotSpot(TM) Client VM (25.181-b13 mixed mode windows-x86 )
Heap:
 def new generation   total 4928K, used 4526K [0x04c00000, 0x05150000, 0x0a150000)
  eden space 4416K,  99% used [0x04c00000, 0x05045dc0, 0x05050000)
  from space 512K,  29% used [0x05050000, 0x05075de8, 0x050d0000)
  to   space 512K,   0% used [0x050d0000, 0x050d0000, 0x05150000)
 tenured generation   total 10944K, used 2217K [0x0a150000, 0x0ac00000, 0x14c00000)
   the space 10944K,  20% used [0x0a150000, 0x0a37a740, 0x0a37a800, 0x0ac00000)
 Metaspace       used 4103K, capacity 4161K, committed 4288K, reserved 4480K
GC Heap History (10 events):
Event: 18.842 GC heap before
{Heap before GC invocations=19 (full 0):
 def new generation   total 4928K, used 4521K [0x04c00000, 0x05150000, 0x0a150000)
  eden space 4416K,  98% used [0x04c00000, 0x050449e8, 0x05050000)
  from space 512K,  29% used [0x050d0000, 0x050f5be8, 0x05150000)
  to   space 512K,   0% used [0x05050000, 0x05050000, 0x050d0000)
 tenured generation   total 10944K, used 2171K [0x0a150000, 0x0ac00000, 0x14c00000)
   the space 10944K,  19% used [0x0a150000, 0x0a36ee30, 0x0a36f000, 0x0ac00000)
 Metaspace       used 4103K, capacity 4161K, committed 4288K, reserved 4480K
Event: 18.843 GC heap after
Heap after GC invocations=20 (full 0):
 def new generation   total 4928K, used 150K [0x04c00000, 0x05150000, 0x0a150000)
  eden space 4416K,   0% used [0x04c00000, 0x04c00000, 0x05050000)
  from space 512K,  29% used [0x05050000, 0x05075ad8, 0x050d0000)
  to   space 512K,   0% used [0x050d0000, 0x050d0000, 0x05150000)
 tenured generation   total 10944K, used 2180K [0x0a150000, 0x0ac00000, 0x14c00000)
   the space 10944K,  19% used [0x0a150000, 0x0a3713a8, 0x0a371400, 0x0ac00000)
 Metaspace       used 4103K, capacity 4161K, committed 4288K, reserved 4480K
}
Event: 19.969 GC heap before
{Heap before GC invocations=20 (full 0):
 def new generation   total 4928K, used 4402K [0x04c00000, 0x05150000, 0x0a150000)
  eden space 4416K,  96% used [0x04c00000, 0x05027058, 0x05050000)
  from space 512K,  29% used [0x05050000, 0x05075ad8, 0x050d0000)
  to   space 512K,   0% used [0x050d0000, 0x050d0000, 0x05150000)
 tenured generation   total 10944K, used 2180K [0x0a150000, 0x0ac00000, 0x14c00000)
   the space 10944K,  19% used [0x0a150000, 0x0a3713a8, 0x0a371400, 0x0ac00000)
 Metaspace       used 4103K, capacity 4161K, committed 4288K, reserved 4480K
Event: 19.969 GC heap after
Heap after GC invocations=21 (full 0):
 def new generation   total 4928K, used 151K [0x04c00000, 0x05150000, 0x0a150000)
  eden space 4416K,   0% used [0x04c00000, 0x04c00000, 0x05050000)
  from space 512K,  29% used [0x050d0000, 0x050f5cf0, 0x05150000)
  to   space 512K,   0% used [0x05050000, 0x05050000, 0x050d0000)
 tenured generation   total 10944K, used 2189K [0x0a150000, 0x0ac00000, 0x14c00000)
   the space 10944K,  20% used [0x0a150000, 0x0a3737a0, 0x0a373800, 0x0ac00000)
 Metaspace       used 4103K, capacity 4161K, committed 4288K, reserved 4480K
}
Event: 21.249 GC heap before
{Heap before GC invocations=21 (full 0):
 def new generation   total 4928K, used 4531K [0x04c00000, 0x05150000, 0x0a150000)
  eden space 4416K,  99% used [0x04c00000, 0x050471b0, 0x05050000)
  from space 512K,  29% used [0x050d0000, 0x050f5cf0, 0x05150000)
  to   space 512K,   0% used [0x05050000, 0x05050000, 0x050d0000)
 tenured generation   total 10944K, used 2189K [0x0a150000, 0x0ac00000, 0x14c00000)
   the space 10944K,  20% used [0x0a150000, 0x0a3737a0, 0x0a373800, 0x0ac00000)
 Metaspace       used 4103K, capacity 4161K, committed 4288K, reserved 4480K
Event: 21.250 GC heap after
Heap after GC invocations=22 (full 0):
 def new generation   total 4928K, used 151K [0x04c00000, 0x05150000, 0x0a150000)
  eden space 4416K,   0% used [0x04c00000, 0x04c00000, 0x05050000)
  from space 512K,  29% used [0x05050000, 0x05075dc8, 0x050d0000)
  to   space 512K,   0% used [0x050d0000, 0x050d0000, 0x05150000)
 tenured generation   total 10944K, used 2199K [0x0a150000, 0x0ac00000, 0x14c00000)
   the space 10944K,  20% used [0x0a150000, 0x0a375d18, 0x0a375e00, 0x0ac00000)
 Metaspace       used 4103K, capacity 4161K, committed 4288K, reserved 4480K
}
Event: 22.487 GC heap before
{Heap before GC invocations=22 (full 0):
 def new generation   total 4928K, used 4522K [0x04c00000, 0x05150000, 0x0a150000)
  eden space 4416K,  98% used [0x04c00000, 0x05044b78, 0x05050000)
  from space 512K,  29% used [0x05050000, 0x05075dc8, 0x050d0000)
  to   space 512K,   0% used [0x050d0000, 0x050d0000, 0x05150000)
 tenured generation   total 10944K, used 2199K [0x0a150000, 0x0ac00000, 0x14c00000)
   the space 10944K,  20% used [0x0a150000, 0x0a375d18, 0x0a375e00, 0x0ac00000)
 Metaspace       used 4103K, capacity 4161K, committed 4288K, reserved 4480K
Event: 22.488 GC heap after
Heap after GC invocations=23 (full 0):
 def new generation   total 4928K, used 151K [0x04c00000, 0x05150000, 0x0a150000)
  eden space 4416K,   0% used [0x04c00000, 0x04c00000, 0x05050000)
  from space 512K,  29% used [0x050d0000, 0x050f5d88, 0x05150000)
  to   space 512K,   0% used [0x05050000, 0x05050000, 0x050d0000)
 tenured generation   total 10944K, used 2208K [0x0a150000, 0x0ac00000, 0x14c00000)
   the space 10944K,  20% used [0x0a150000, 0x0a3781c0, 0x0a378200, 0x0ac00000)
 Metaspace       used 4103K, capacity 4161K, committed 4288K, reserved 4480K
}
Event: 24.136 GC heap before
{Heap before GC invocations=23 (full 0):
 def new generation   total 4928K, used 4395K [0x04c00000, 0x05150000, 0x0a150000)
  eden space 4416K,  96% used [0x04c00000, 0x05025170, 0x05050000)
  from space 512K,  29% used [0x050d0000, 0x050f5d88, 0x05150000)
  to   space 512K,   0% used [0x05050000, 0x05050000, 0x050d0000)
 tenured generation   total 10944K, used 2208K [0x0a150000, 0x0ac00000, 0x14c00000)
   the space 10944K,  20% used [0x0a150000, 0x0a3781c0, 0x0a378200, 0x0ac00000)
 Metaspace       used 4103K, capacity 4161K, committed 4288K, reserved 4480K
Event: 24.137 GC heap after
Heap after GC invocations=24 (full 0):
 def new generation   total 4928K, used 151K [0x04c00000, 0x05150000, 0x0a150000)
  eden space 4416K,   0% used [0x04c00000, 0x04c00000, 0x05050000)
  from space 512K,  29% used [0x05050000, 0x05075de8, 0x050d0000)
  to   space 512K,   0% used [0x050d0000, 0x050d0000, 0x05150000)
 tenured generation   total 10944K, used 2217K [0x0a150000, 0x0ac00000, 0x14c00000)
   the space 10944K,  20% used [0x0a150000, 0x0a37a740, 0x0a37a800, 0x0ac00000)
 Metaspace       used 4103K, capacity 4161K, committed 4288K, reserved 4480K
}

